<?xml version="1.0" encoding="UTF-8"?>
<!-- Generated by org.testng.reporters.JUnitReportReporter -->
<testsuite hostname="DESKTOP-650R3IU" failures="0" tests="1" name="tests.checkUpdateOption" time="10.176" errors="0" timestamp="01 февр. 2021 08:59:33 GMT" skipped="0">
  <testcase classname="tests.checkUpdateOption" name="checkUpdateArticleOption" time="10.176"/>
</testsuite> <!-- tests.checkUpdateOption -->
