<?xml version="1.0" encoding="UTF-8"?>
<!-- Generated by org.testng.reporters.JUnitReportReporter -->
<testsuite hostname="DESKTOP-650R3IU" failures="0" tests="1" name="tests.checkUpdateOption" time="9.807" errors="0" timestamp="01 февр. 2021 02:12:37 GMT" skipped="0">
  <testcase classname="tests.checkUpdateOption" name="checkUpdateArticleOption" time="9.807"/>
</testsuite> <!-- tests.checkUpdateOption -->
